'[forward]: language_model.embed_tokens inputs'| de63d9 | torch.int64 | torch.Size([1, 8192]) | continue: True | mean 19962.951171875 | sum 163536496.0 | Size 8192 | Memory size: 0.00 GB | isNan False
[318.0, 17.0, 15.0, 16.0, 18.0, 8.0, 198.0, 16.0, 20.0, 13.0]
'[forward]: language_model.embed_tokens outputs'| 670748 | torch.bfloat16 | torch.Size([1, 8192, 2048]) | continue: True | mean -1.7105423467000946e-05 | sum -286.98138427734375 | Size 16777216 | Memory size: 0.06 GB | isNan False
[-0.002044677734375, -0.0003795623779296875, 0.01123046875, -0.000713348388671875, -0.00099945068359375, 0.0031890869140625, 0.00140380859375, -0.00133514404296875, -0.004730224609375, 0.004180908203125]
'[forward]: vision_tower.pos_embed inputs'| 590c55 | torch.int64 | torch.Size([4, 4]) | continue: True | mean 1163.75 | sum 18620.0 | Size 16 | Memory size: 0.00 GB | isNan False
[0.0, 47.0, 2256.0, 2303.0, 1.0, 47.0, 2257.0, 2303.0, 48.0, 95.0]
'[forward]: vision_tower.pos_embed outputs'| cf4e3d | torch.bfloat16 | torch.Size([4, 4, 1152]) | continue: True | mean -0.0033683956135064363 | sum -62.086265563964844 | Size 18432 | Memory size: 0.00 GB | isNan False
[0.01251220703125, 0.045654296875, -0.080078125, 0.08544921875, -0.1552734375, 0.015869140625, -0.02587890625, 0.056396484375, 0.035888671875, 0.30859375]
'[forward]: vision_tower.patch_embed.proj inputs'| 91ff0d | torch.bfloat16 | torch.Size([4, 3, 2, 16, 16]) | continue: True | mean 0.0 | sum 0.0 | Size 6144 | Memory size: 0.00 GB | isNan False
[0.0, 0.0, 0.0, 0.0, 0.0, 0.0, 0.0, 0.0, 0.0, 0.0]
'[forward]: vision_tower.patch_embed.proj outputs'| ad0a09 | torch.bfloat16 | torch.Size([4, 1152, 1, 1, 1]) | continue: True | mean 0.011466256342828274 | sum 52.836509704589844 | Size 4608 | Memory size: 0.00 GB | isNan False
[0.1083984375, -0.34375, 0.00058746337890625, -0.1630859375, 0.0810546875, -0.07666015625, 0.04248046875, -0.3203125, 0.045166015625, -0.392578125]
'[forward]: vision_tower.patch_embed inputs'| 91ff0d | torch.bfloat16 | torch.Size([4, 1536]) | continue: True | mean 0.0 | sum 0.0 | Size 6144 | Memory size: 0.00 GB | isNan False
[0.0, 0.0, 0.0, 0.0, 0.0, 0.0, 0.0, 0.0, 0.0, 0.0]
'[forward]: vision_tower.patch_embed outputs'| ad0a09 | torch.bfloat16 | torch.Size([4, 1152]) | continue: True | mean 0.011466256342828274 | sum 52.836509704589844 | Size 4608 | Memory size: 0.00 GB | isNan False
[0.1083984375, -0.34375, 0.00058746337890625, -0.1630859375, 0.0810546875, -0.07666015625, 0.04248046875, -0.3203125, 0.045166015625, -0.392578125]
'[forward]: vision_tower.blocks.0._checkpoint_wrapped_module.norm1 inputs'| e3849d | torch.bfloat16 | torch.Size([4, 1152]) | continue: True | mean 0.00805098656564951 | sum 37.09894561767578 | Size 4608 | Memory size: 0.00 GB | isNan False
[0.12109375, -0.298828125, -0.07958984375, -0.07763671875, -0.07421875, -0.060791015625, 0.0166015625, -0.263671875, 0.0810546875, -0.083984375]
'[forward]: vision_tower.blocks.0._checkpoint_wrapped_module.norm1 outputs'| 59910a | torch.bfloat16 | torch.Size([4, 1152]) | continue: True | mean 0.0034635979682207108 | sum 15.960259437561035 | Size 4608 | Memory size: 0.00 GB | isNan False
[0.828125, 0.00180816650390625, -0.058837890625, -0.0220947265625, -0.00732421875, -0.609375, 0.033935546875, -0.0296630859375, 0.482421875, -0.0250244140625]
'[forward]: vision_tower.blocks.0._checkpoint_wrapped_module.attn.qkv inputs'| 59910a | torch.bfloat16 | torch.Size([4, 1152]) | continue: True | mean 0.0034635979682207108 | sum 15.960259437561035 | Size 4608 | Memory size: 0.00 GB | isNan False
[0.828125, 0.00180816650390625, -0.058837890625, -0.0220947265625, -0.00732421875, -0.609375, 0.033935546875, -0.0296630859375, 0.482421875, -0.0250244140625]
'[forward]: vision_tower.blocks.0._checkpoint_wrapped_module.attn.qkv outputs'| fbc25b | torch.bfloat16 | torch.Size([4, 3456]) | continue: True | mean -0.03019280731678009 | sum -417.3853759765625 | Size 13824 | Memory size: 0.00 GB | isNan False
[-0.2109375, -0.578125, -3.859375, -0.07373046875, 0.5859375, 3.734375, -0.326171875, -3.875, 0.1513671875, 0.038818359375]
'[forward]: vision_tower.blocks.0._checkpoint_wrapped_module.attn.proj inputs'| 72f71d | torch.bfloat16 | torch.Size([4, 1152]) | continue: True | mean 0.004746157210320234 | sum 21.87029266357422 | Size 4608 | Memory size: 0.00 GB | isNan False
[0.03564453125, -0.04345703125, -0.0245361328125, 0.0189208984375, 0.0478515625, -0.080078125, 0.041259765625, -0.00946044921875, 0.0068359375, -0.04736328125]
'[forward]: vision_tower.blocks.0._checkpoint_wrapped_module.attn.proj outputs'| 1405e3 | torch.bfloat16 | torch.Size([4, 1152]) | continue: True | mean -0.0038342990446835756 | sum -17.66844940185547 | Size 4608 | Memory size: 0.00 GB | isNan False
[-0.1083984375, 0.16015625, -0.045654296875, -0.060302734375, -0.1318359375, 0.05224609375, -0.023681640625, 0.375, -0.033203125, -0.232421875]
'[forward]: vision_tower.blocks.0._checkpoint_wrapped_module.attn inputs'| 59910a | torch.bfloat16 | torch.Size([4, 1152]) | continue: True | mean 0.0034635979682207108 | sum 15.960259437561035 | Size 4608 | Memory size: 0.00 GB | isNan False
[0.828125, 0.00180816650390625, -0.058837890625, -0.0220947265625, -0.00732421875, -0.609375, 0.033935546875, -0.0296630859375, 0.482421875, -0.0250244140625]
'[forward]: vision_tower.blocks.0._checkpoint_wrapped_module.attn outputs' , <class 'dict'>
'[forward]: vision_tower.blocks.0._checkpoint_wrapped_module.norm2 inputs'| ad2222 | torch.bfloat16 | torch.Size([4, 1152]) | continue: True | mean 0.0041999537497758865 | sum 19.35338592529297 | Size 4608 | Memory size: 0.00 GB | isNan False
[0.0126953125, -0.138671875, -0.125, -0.1376953125, -0.2060546875, -0.008544921875, -0.007080078125, 0.111328125, 0.0478515625, -0.31640625]
'[forward]: vision_tower.blocks.0._checkpoint_wrapped_module.norm2 outputs'| 65eaee | torch.bfloat16 | torch.Size([4, 1152]) | continue: True | mean -0.009570376947522163 | sum -44.10029602050781 | Size 4608 | Memory size: 0.00 GB | isNan False
[0.3203125, 0.04248046875, -0.150390625, 0.00017070770263671875, -0.216796875, -0.26171875, -0.306640625, 0.08203125, 0.7890625, 0.056884765625]
'[forward]: vision_tower.blocks.0._checkpoint_wrapped_module.mlp.linear_fc1 inputs'| 65eaee | torch.bfloat16 | torch.Size([4, 1152]) | continue: True | mean -0.009570376947522163 | sum -44.10029602050781 | Size 4608 | Memory size: 0.00 GB | isNan False
[0.3203125, 0.04248046875, -0.150390625, 0.00017070770263671875, -0.216796875, -0.26171875, -0.306640625, 0.08203125, 0.7890625, 0.056884765625]
'[forward]: vision_tower.blocks.0._checkpoint_wrapped_module.mlp.linear_fc1 outputs'| fca655 | torch.bfloat16 | torch.Size([4, 4304]) | continue: True | mean -2.1606948375701904 | sum -37198.5234375 | Size 17216 | Memory size: 0.00 GB | isNan False
[-0.0113525390625, -1.6171875, -3.53125, -4.9375, -2.921875, -2.375, -3.8125, -0.1162109375, -4.78125, 0.265625]
'[forward]: vision_tower.blocks.0._checkpoint_wrapped_module.mlp.linear_fc2 inputs'| 5f74af | torch.bfloat16 | torch.Size([4, 4304]) | continue: True | mean -0.03378299996256828 | sum -581.608154296875 | Size 17216 | Memory size: 0.00 GB | isNan False
[-0.005615234375, -0.0859375, -0.000545501708984375, -2.942979335784912e-07, -0.004638671875, -0.0205078125, -0.00016689300537109375, -0.052734375, -9.98377799987793e-07, 0.16015625]
'[forward]: vision_tower.blocks.0._checkpoint_wrapped_module.mlp.linear_fc2 outputs'| aeb114 | torch.bfloat16 | torch.Size([4, 1152]) | continue: True | mean 0.012214438989758492 | sum 56.28413391113281 | Size 4608 | Memory size: 0.00 GB | isNan False
[-0.216796875, -0.1708984375, -0.021484375, 0.2353515625, 0.181640625, -0.015380859375, 0.1806640625, -0.376953125, 0.0849609375, 0.58203125]
'[forward]: vision_tower.blocks.0._checkpoint_wrapped_module.mlp inputs'| 65eaee | torch.bfloat16 | torch.Size([4, 1152]) | continue: True | mean -0.009570376947522163 | sum -44.10029602050781 | Size 4608 | Memory size: 0.00 GB | isNan False
[0.3203125, 0.04248046875, -0.150390625, 0.00017070770263671875, -0.216796875, -0.26171875, -0.306640625, 0.08203125, 0.7890625, 0.056884765625]
'[forward]: vision_tower.blocks.0._checkpoint_wrapped_module.mlp outputs'| aeb114 | torch.bfloat16 | torch.Size([4, 1152]) | continue: True | mean 0.012214438989758492 | sum 56.28413391113281 | Size 4608 | Memory size: 0.00 GB | isNan False
[-0.216796875, -0.1708984375, -0.021484375, 0.2353515625, 0.181640625, -0.015380859375, 0.1806640625, -0.376953125, 0.0849609375, 0.58203125]
'[forward]: vision_tower.blocks.0._checkpoint_wrapped_module inputs'| e3849d | torch.bfloat16 | torch.Size([4, 1152]) | continue: True | mean 0.00805098656564951 | sum 37.09894561767578 | Size 4608 | Memory size: 0.00 GB | isNan False
[0.12109375, -0.298828125, -0.07958984375, -0.07763671875, -0.07421875, -0.060791015625, 0.0166015625, -0.263671875, 0.0810546875, -0.083984375]
'[forward]: vision_tower.blocks.0._checkpoint_wrapped_module inputs'| d88fbe | torch.int32 | torch.Size([2]) | continue: True | mean 2.0 | sum 4.0 | Size 2 | Memory size: 0.00 GB | isNan False
[0.0, 4.0]
'[forward]: vision_tower.blocks.0._checkpoint_wrapped_module inputs'| d9d0cc | torch.int32 | torch.Size([]) | continue: True | mean 4.0 | sum 4.0 | Size 1 | Memory size: 0.00 GB | isNan False
[4.0]
'[forward]: vision_tower.blocks.0._checkpoint_wrapped_module inputs' (tensor([[1.0000, 1.0000, 1.0000, 1.0000, 1.0000, 1.0000, 1.0000, 1.0000, 1.0000,
         1.0000, 1.0000, 1.0000, 1.0000, 1.0000, 1.0000, 1.0000, 1.0000, 1.0000,
         1.0000, 1.0000, 1.0000, 1.0000, 1.0000, 1.0000, 1.0000, 1.0000, 1.0000,
         1.0000, 1.0000, 1.0000, 1.0000, 1.0000, 1.0000, 1.0000, 1.0000, 1.0000,
         1.0000, 1.0000, 1.0000, 1.0000, 1.0000, 1.0000, 1.0000, 1.0000, 1.0000,
         1.0000, 1.0000, 1.0000, 1.0000, 1.0000, 1.0000, 1.0000, 1.0000, 1.0000,
         1.0000, 1.0000, 1.0000, 1.0000, 1.0000, 1.0000, 1.0000, 1.0000, 1.0000,
         1.0000, 1.0000, 1.0000, 1.0000, 1.0000, 1.0000, 1.0000, 1.0000, 1.0000],
        [1.0000, 1.0000, 1.0000, 1.0000, 1.0000, 1.0000, 1.0000, 1.0000, 1.0000,
         1.0000, 1.0000, 1.0000, 1.0000, 1.0000, 1.0000, 1.0000, 1.0000, 1.0000,
         0.5403, 0.8256, 0.9361, 0.9769, 0.9917, 0.9970, 0.9989, 0.9996, 0.9999,
         0.9999, 1.0000, 1.0000, 1.0000, 1.0000, 1.0000, 1.0000, 1.0000, 1.0000,
         1.0000, 1.0000, 1.0000, 1.0000, 1.0000, 1.0000, 1.0000, 1.0000, 1.0000,
         1.0000, 1.0000, 1.0000, 1.0000, 1.0000, 1.0000, 1.0000, 1.0000, 1.0000,
         0.5403, 0.8256, 0.9361, 0.9769, 0.9917, 0.9970, 0.9989, 0.9996, 0.9999,
         0.9999, 1.0000, 1.0000, 1.0000, 1.0000, 1.0000, 1.0000, 1.0000, 1.0000],
        [0.5403, 0.8256, 0.9361, 0.9769, 0.9917, 0.9970, 0.9989, 0.9996, 0.9999,
         0.9999, 1.0000, 1.0000, 1.0000, 1.0000, 1.0000, 1.0000, 1.0000, 1.0000,
         1.0000, 1.0000, 1.0000, 1.0000, 1.0000, 1.0000, 1.0000, 1.0000, 1.0000,
         1.0000, 1.0000, 1.0000, 1.0000, 1.0000, 1.0000, 1.0000, 1.0000, 1.0000,
         0.5403, 0.8256, 0.9361, 0.9769, 0.9917, 0.9970, 0.9989, 0.9996, 0.9999,
         0.9999, 1.0000, 1.0000, 1.0000, 1.0000, 1.0000, 1.0000, 1.0000, 1.0000,
         1.0000, 1.0000, 1.0000, 1.0000, 1.0000, 1.0000, 1.0000, 1.0000, 1.0000,
         1.0000, 1.0000, 1.0000, 1.0000, 1.0000, 1.0000, 1.0000, 1.0000, 1.0000],
        [0.5403, 0.8256, 0.9361, 0.9769, 0.9917, 0.9970, 0.9989, 0.9996, 0.9999,
         0.9999, 1.0000, 1.0000, 1.0000, 1.0000, 1.0000, 1.0000, 1.0000, 1.0000,
         0.5403, 0.8256, 0.9361, 0.9769, 0.9917, 0.9970, 0.9989, 0.9996, 0.9999,
         0.9999, 1.0000, 1.0000, 1.0000, 1.0000, 1.0000, 1.0000, 1.0000, 1.0000,
         0.5403, 0.8256, 0.9361, 0.9769, 0.9917, 0.9970, 0.9989, 0.9996, 0.9999,
         0.9999, 1.0000, 1.0000, 1.0000, 1.0000, 1.0000, 1.0000, 1.0000, 1.0000,
         0.5403, 0.8256, 0.9361, 0.9769, 0.9917, 0.9970, 0.9989, 0.9996, 0.9999,
         0.9999, 1.0000, 1.0000, 1.0000, 1.0000, 1.0000, 1.0000, 1.0000, 1.0000]],
       device='cuda:0'), tensor([[0.0000e+00, 0.0000e+00, 0.0000e+00, 0.0000e+00, 0.0000e+00, 0.0000e+00,
         0.0000e+00, 0.0000e+00, 0.0000e+00, 0.0000e+00, 0.0000e+00, 0.0000e+00,
         0.0000e+00, 0.0000e+00, 0.0000e+00, 0.0000e+00, 0.0000e+00, 0.0000e+00,
         0.0000e+00, 0.0000e+00, 0.0000e+00, 0.0000e+00, 0.0000e+00, 0.0000e+00,
         0.0000e+00, 0.0000e+00, 0.0000e+00, 0.0000e+00, 0.0000e+00, 0.0000e+00,
         0.0000e+00, 0.0000e+00, 0.0000e+00, 0.0000e+00, 0.0000e+00, 0.0000e+00,
         0.0000e+00, 0.0000e+00, 0.0000e+00, 0.0000e+00, 0.0000e+00, 0.0000e+00,
         0.0000e+00, 0.0000e+00, 0.0000e+00, 0.0000e+00, 0.0000e+00, 0.0000e+00,
         0.0000e+00, 0.0000e+00, 0.0000e+00, 0.0000e+00, 0.0000e+00, 0.0000e+00,
         0.0000e+00, 0.0000e+00, 0.0000e+00, 0.0000e+00, 0.0000e+00, 0.0000e+00,
         0.0000e+00, 0.0000e+00, 0.0000e+00, 0.0000e+00, 0.0000e+00, 0.0000e+00,
         0.0000e+00, 0.0000e+00, 0.0000e+00, 0.0000e+00, 0.0000e+00, 0.0000e+00],
        [0.0000e+00, 0.0000e+00, 0.0000e+00, 0.0000e+00, 0.0000e+00, 0.0000e+00,
         0.0000e+00, 0.0000e+00, 0.0000e+00, 0.0000e+00, 0.0000e+00, 0.0000e+00,
         0.0000e+00, 0.0000e+00, 0.0000e+00, 0.0000e+00, 0.0000e+00, 0.0000e+00,
         8.4147e-01, 5.6422e-01, 3.5170e-01, 2.1378e-01, 1.2880e-01, 7.7349e-02,
         4.6399e-02, 2.7822e-02, 1.6680e-02, 9.9998e-03, 5.9948e-03, 3.5938e-03,
         2.1544e-03, 1.2915e-03, 7.7426e-04, 4.6416e-04, 2.7826e-04, 1.6681e-04,
         0.0000e+00, 0.0000e+00, 0.0000e+00, 0.0000e+00, 0.0000e+00, 0.0000e+00,
         0.0000e+00, 0.0000e+00, 0.0000e+00, 0.0000e+00, 0.0000e+00, 0.0000e+00,
         0.0000e+00, 0.0000e+00, 0.0000e+00, 0.0000e+00, 0.0000e+00, 0.0000e+00,
         8.4147e-01, 5.6422e-01, 3.5170e-01, 2.1378e-01, 1.2880e-01, 7.7349e-02,
         4.6399e-02, 2.7822e-02, 1.6680e-02, 9.9998e-03, 5.9948e-03, 3.5938e-03,
         2.1544e-03, 1.2915e-03, 7.7426e-04, 4.6416e-04, 2.7826e-04, 1.6681e-04],
        [8.4147e-01, 5.6422e-01, 3.5170e-01, 2.1378e-01, 1.2880e-01, 7.7349e-02,
         4.6399e-02, 2.7822e-02, 1.6680e-02, 9.9998e-03, 5.9948e-03, 3.5938e-03,
         2.1544e-03, 1.2915e-03, 7.7426e-04, 4.6416e-04, 2.7826e-04, 1.6681e-04,
         0.0000e+00, 0.0000e+00, 0.0000e+00, 0.0000e+00, 0.0000e+00, 0.0000e+00,
         0.0000e+00, 0.0000e+00, 0.0000e+00, 0.0000e+00, 0.0000e+00, 0.0000e+00,
         0.0000e+00, 0.0000e+00, 0.0000e+00, 0.0000e+00, 0.0000e+00, 0.0000e+00,
         8.4147e-01, 5.6422e-01, 3.5170e-01, 2.1378e-01, 1.2880e-01, 7.7349e-02,
         4.6399e-02, 2.7822e-02, 1.6680e-02, 9.9998e-03, 5.9948e-03, 3.5938e-03,
         2.1544e-03, 1.2915e-03, 7.7426e-04, 4.6416e-04, 2.7826e-04, 1.6681e-04,
         0.0000e+00, 0.0000e+00, 0.0000e+00, 0.0000e+00, 0.0000e+00, 0.0000e+00,
         0.0000e+00, 0.0000e+00, 0.0000e+00, 0.0000e+00, 0.0000e+00, 0.0000e+00,
         0.0000e+00, 0.0000e+00, 0.0000e+00, 0.0000e+00, 0.0000e+00, 0.0000e+00],
        [8.4147e-01, 5.6422e-01, 3.5170e-01, 2.1378e-01, 1.2880e-01, 7.7349e-02,
         4.6399e-02, 2.7822e-02, 1.6680e-02, 9.9998e-03, 5.9948e-03, 3.5938e-03,
         2.1544e-03, 1.2915e-03, 7.7426e-04, 4.6416e-04, 2.7826e-04, 1.6681e-04,
         8.4147e-01, 5.6422e-01, 3.5170e-01, 2.1378e-01, 1.2880e-01, 7.7349e-02,
         4.6399e-02, 2.7822e-02, 1.6680e-02, 9.9998e-03, 5.9948e-03, 3.5938e-03,
         2.1544e-03, 1.2915e-03, 7.7426e-04, 4.6416e-04, 2.7826e-04, 1.6681e-04,
         8.4147e-01, 5.6422e-01, 3.5170e-01, 2.1378e-01, 1.2880e-01, 7.7349e-02,
         4.6399e-02, 2.7822e-02, 1.6680e-02, 9.9998e-03, 5.9948e-03, 3.5938e-03,
         2.1544e-03, 1.2915e-03, 7.7426e-04, 4.6416e-04, 2.7826e-04, 1.6681e-04,
         8.4147e-01, 5.6422e-01, 3.5170e-01, 2.1378e-01, 1.2880e-01, 7.7349e-02,
         4.6399e-02, 2.7822e-02, 1.6680e-02, 9.9998e-03, 5.9948e-03, 3.5938e-03,
         2.1544e-03, 1.2915e-03, 7.7426e-04, 4.6416e-04, 2.7826e-04, 1.6681e-04]],
       device='cuda:0'))
'[forward]: vision_tower.blocks.0._checkpoint_wrapped_module inputs' None
'[forward]: vision_tower.blocks.0._checkpoint_wrapped_module outputs'| 1ef0b8 | torch.bfloat16 | torch.Size([4, 1152]) | continue: True | mean 0.016423948109149933 | sum 75.68154907226562 | Size 4608 | Memory size: 0.00 GB | isNan False
[-0.2041015625, -0.30859375, -0.146484375, 0.09765625, -0.0244140625, -0.02392578125, 0.173828125, -0.265625, 0.1328125, 0.265625]
'[forward]: vision_tower.blocks.0 inputs'| e3849d | torch.bfloat16 | torch.Size([4, 1152]) | continue: True | mean 0.00805098656564951 | sum 37.09894561767578 | Size 4608 | Memory size: 0.00 GB | isNan False
[0.12109375, -0.298828125, -0.07958984375, -0.07763671875, -0.07421875, -0.060791015625, 0.0166015625, -0.263671875, 0.0810546875, -0.083984375]
'[forward]: vision_tower.blocks.0 inputs'| d88fbe | torch.int32 | torch.Size([2]) | continue: True | mean 2.0 | sum 4.0 | Size 2 | Memory size: 0.00 GB | isNan False
[0.0, 4.0]
'[forward]: vision_tower.blocks.0 inputs'| d9d0cc | torch.int32 | torch.Size([]) | continue: True | mean 4.0 | sum 4.0 | Size 1 | Memory size: 0.00 GB | isNan False
[4.0]
'[forward]: vision_tower.blocks.0 inputs' (tensor([[1.0000, 1.0000, 1.0000, 1.0000, 1.0000, 1.0000, 1.0000, 1.0000, 1.0000,
         1.0000, 1.0000, 1.0000, 1.0000, 1.0000, 1.0000, 1.0000, 1.0000, 1.0000,
         1.0000, 1.0000, 1.0000, 1.0000, 1.0000, 1.0000, 1.0000, 1.0000, 1.0000,
         1.0000, 1.0000, 1.0000, 1.0000, 1.0000, 1.0000, 1.0000, 1.0000, 1.0000,
         1.0000, 1.0000, 1.0000, 1.0000, 1.0000, 1.0000, 1.0000, 1.0000, 1.0000,
         1.0000, 1.0000, 1.0000, 1.0000, 1.0000, 1.0000, 1.0000, 1.0000, 1.0000,
         1.0000, 1.0000, 1.0000, 1.0000, 1.0000, 1.0000, 1.0000, 1.0000, 1.0000,
         1.0000, 1.0000, 1.0000, 1.0000, 1.0000, 1.0000, 1.0000, 1.0000, 1.0000],
        [1.0000, 1.0000, 1.0000, 1.0000, 1.0000, 1.0000, 1.0000, 1.0000, 1.0000,
         1.0000, 1.0000, 1.0000, 1.0000, 1.0000, 1.0000, 1.0000, 1.0000, 1.0000,
         0.5403, 0.8256, 0.9361, 0.9769, 0.9917, 0.9970, 0.9989, 0.9996, 0.9999,
         0.9999, 1.0000, 1.0000, 1.0000, 1.0000, 1.0000, 1.0000, 1.0000, 1.0000,
         1.0000, 1.0000, 1.0000, 1.0000, 1.0000, 1.0000, 1.0000, 1.0000, 1.0000,
         1.0000, 1.0000, 1.0000, 1.0000, 1.0000, 1.0000, 1.0000, 1.0000, 1.0000,
         0.5403, 0.8256, 0.9361, 0.9769, 0.9917, 0.9970, 0.9989, 0.9996, 0.9999,
         0.9999, 1.0000, 1.0000, 1.0000, 1.0000, 1.0000, 1.0000, 1.0000, 1.0000],
        [0.5403, 0.8256, 0.9361, 0.9769, 0.9917, 0.9970, 0.9989, 0.9996, 0.9999,
         0.9999, 1.0000, 1.0000, 1.0000, 1.0000, 1.0000, 1.0000, 1.0000, 1.0000,
         1.0000, 1.0000, 1.0000, 1.0000, 1.0000, 1.0000, 1.0000, 1.0000, 1.0000,
         1.0000, 1.0000, 1.0000, 1.0000, 1.0000, 1.0000, 1.0000, 1.0000, 1.0000,
         0.5403, 0.8256, 0.9361, 0.9769, 0.9917, 0.9970, 0.9989, 0.9996, 0.9999,
         0.9999, 1.0000, 1.0000, 1.0000, 1.0000, 1.0000, 1.0000, 1.0000, 1.0000,
         1.0000, 1.0000, 1.0000, 1.0000, 1.0000, 1.0000, 1.0000, 1.0000, 1.0000,
         1.0000, 1.0000, 1.0000, 1.0000, 1.0000, 1.0000, 1.0000, 1.0000, 1.0000],
        [0.5403, 0.8256, 0.9361, 0.9769, 0.9917, 0.9970, 0.9989, 0.9996, 0.9999,
         0.9999, 1.0000, 1.0000, 1.0000, 1.0000, 1.0000, 1.0000, 1.0000, 1.0000,
         0.5403, 0.8256, 0.9361, 0.9769, 0.9917, 0.9970, 0.9989, 0.9996, 0.9999,
         0.9999, 1.0000, 1.0000, 1.0000, 1.0000, 1.0000, 1.0000, 1.0000, 1.0000,
         0.5403, 0.8256, 0.9361, 0.9769, 0.9917, 0.9970, 0.9989, 0.9996, 0.9999,
         0.9999, 1.0000, 1.0000, 1.0000, 1.0000, 1.0000, 1.0000, 1.0000, 1.0000,
         0.5403, 0.8256, 0.9361, 0.9769, 0.9917, 0.9970, 0.9989, 0.9996, 0.9999,
         0.9999, 1.0000, 1.0000, 1.0000, 1.0000, 1.0000, 1.0000, 1.0000, 1.0000]],
       device='cuda:0'), tensor([[0.0000e+00, 0.0000e+00, 0.0000e+00, 0.0000e+00, 0.0000e+00, 0.0000e+00,
         0.0000e+00, 0.0000e+00, 0.0000e+00, 0.0000e+00, 0.0000e+00, 0.0000e+00,
         0.0000e+00, 0.0000e+00, 0.0000e+00, 0.0000e+00, 0.0000e+00, 0.0000e+00,
         0.0000e+00, 0.0000e+00, 0.0000e+00, 0.0000e+00, 0.0000e+00, 0.0000e+00,
         0.0000e+00, 0.0000e+00, 0.0000e+00, 0.0000e+00, 0.0000e+00, 0.0000e+00,
         0.0000e+00, 0.0000e+00, 0.0000e+00, 0.0000e+00, 0.0000e+00, 0.0000e+00,
         0.0000e+00, 0.0000e+00, 0.0000e+00, 0.0000e+00, 0.0000e+00, 0.0000e+00,
         0.0000e+00, 0.0000e+00, 0.0000e+00, 0.0000e+00, 0.0000e+00, 0.0000e+00,
         0.0000e+00, 0.0000e+00, 0.0000e+00, 0.0000e+00, 0.0000e+00, 0.0000e+00,
         0.0000e+00, 0.0000e+00, 0.0000e+00, 0.0000e+00, 0.0000e+00, 0.0000e+00,
         0.0000e+00, 0.0000e+00, 0.0000e+00, 0.0000e+00, 0.0000e+00, 0.0000e+00,
         0.0000e+00, 0.0000e+00, 0.0000e+00, 0.0000e+00, 0.0000e+00, 0.0000e+00],
        [0.0000e+00, 0.0000e+00, 0.0000e+00, 0.0000e+00, 0.0000e+00, 0.0000e+00,
         0.0000e+00, 0.0000e+00, 0.0000e+00, 0.0000e+00, 0.0000e+00, 0.0000e+00,
         0.0000e+00, 0.0000e+00, 0.0000e+00, 0.0000e+00, 0.0000e+00, 0.0000e+00,
         8.4147e-01, 5.6422e-01, 3.5170e-01, 2.1378e-01, 1.2880e-01, 7.7349e-02,
         4.6399e-02, 2.7822e-02, 1.6680e-02, 9.9998e-03, 5.9948e-03, 3.5938e-03,
         2.1544e-03, 1.2915e-03, 7.7426e-04, 4.6416e-04, 2.7826e-04, 1.6681e-04,
         0.0000e+00, 0.0000e+00, 0.0000e+00, 0.0000e+00, 0.0000e+00, 0.0000e+00,
         0.0000e+00, 0.0000e+00, 0.0000e+00, 0.0000e+00, 0.0000e+00, 0.0000e+00,
         0.0000e+00, 0.0000e+00, 0.0000e+00, 0.0000e+00, 0.0000e+00, 0.0000e+00,
         8.4147e-01, 5.6422e-01, 3.5170e-01, 2.1378e-01, 1.2880e-01, 7.7349e-02,
         4.6399e-02, 2.7822e-02, 1.6680e-02, 9.9998e-03, 5.9948e-03, 3.5938e-03,
         2.1544e-03, 1.2915e-03, 7.7426e-04, 4.6416e-04, 2.7826e-04, 1.6681e-04],
        [8.4147e-01, 5.6422e-01, 3.5170e-01, 2.1378e-01, 1.2880e-01, 7.7349e-02,
         4.6399e-02, 2.7822e-02, 1.6680e-02, 9.9998e-03, 5.9948e-03, 3.5938e-03,
         2.1544e-03, 1.2915e-03, 7.7426e-04, 4.6416e-04, 2.7826e-04, 1.6681e-04,
         0.0000e+00, 0.0000e+00, 0.0000e+00, 0.0000e+00, 0.0000e+00, 0.0000e+00,
         0.0000e+00, 0.0000e+00, 0.0000e+00, 0.0000e+00, 0.0000e+00, 0.0000e+00,
         0.0000e+00, 0.0000e+00, 0.0000e+00, 0.0000e+00, 0.0000e+00, 0.0000e+00,
         8.4147e-01, 5.6422e-01, 3.5170e-01, 2.1378e-01, 1.2880e-01, 7.7349e-02,
         4.6399e-02, 2.7822e-02, 1.6680e-02, 9.9998e-03, 5.9948e-03, 3.5938e-03,
         2.1544e-03, 1.2915e-03, 7.7426e-04, 4.6416e-04, 2.7826e-04, 1.6681e-04,
         0.0000e+00, 0.0000e+00, 0.0000e+00, 0.0000e+00, 0.0000e+00, 0.0000e+00,
         0.0000e+00, 0.0000e+00, 0.0000e+00, 0.0000e+00, 0.0000e+00, 0.0000e+00,
         0.0000e+00, 0.0000e+00, 0.0000e+00, 0.0000e+00, 0.0000e+00, 0.0000e+00],
        [8.4147e-01, 5.6422e-01, 3.5170e-01, 2.1378e-01, 1.2880e-01, 7.7349e-02,
         4.6399e-02, 2.7822e-02, 1.6680e-02, 9.9998e-03, 5.9948e-03, 3.5938e-03,
         2.1544e-03, 1.2915e-03, 7.7426e-04, 4.6416e-04, 2.7826e-04, 1.6681e-04,
         8.4147e-01, 5.6422e-01, 3.5170e-01, 2.1378e-01, 1.2880e-01, 7.7349e-02,
         4.6399e-02, 2.7822e-02, 1.6680e-02, 9.9998e-03, 5.9948e-03, 3.5938e-03,
         2.1544e-03, 1.2915e-03, 7.7426e-04, 4.6416e-04, 2.7826e-04, 1.6681e-04,
         8.4147e-01, 5.6422e-01, 3.5170e-01, 2.1378e-01, 1.2880e-01, 7.7349e-02,
         4.6399e-02, 2.7822e-02, 1.6680e-02, 9.9998e-03, 5.9948e-03, 3.5938e-03,
         2.1544e-03, 1.2915e-03, 7.7426e-04, 4.6416e-04, 2.7826e-04, 1.6681e-04,
         8.4147e-01, 5.6422e-01, 3.5170e-01, 2.1378e-01, 1.2880e-01, 7.7349e-02,
         4.6399e-02, 2.7822e-02, 1.6680e-02, 9.9998e-03, 5.9948e-03, 3.5938e-03,
         2.1544e-03, 1.2915e-03, 7.7426e-04, 4.6416e-04, 2.7826e-04, 1.6681e-04]],
       device='cuda:0'))
'[forward]: vision_tower.blocks.0 inputs' None
'[forward]: vision_tower.blocks.0 outputs'| 1ef0b8 | torch.bfloat16 | torch.Size([4, 1152]) | continue: True | mean 0.016423948109149933 | sum 75.68154907226562 | Size 4608 | Memory size: 0.00 GB | isNan False
[-0.2041015625, -0.30859375, -0.146484375, 0.09765625, -0.0244140625, -0.02392578125, 0.173828125, -0.265625, 0.1328125, 0.265625]